Practise5/camera/build/intermediates/manifest_merge_blame_file/debug/manifest-merger-blame-debug-report.txt
1<?xml version="1.0" encoding="utf-8"?>
2<manifest xmlns:android="http://schemas.android.com/apk/res/android"
3    package="ru.mirea.makarov.camera"
4    android:versionCode="1"
5    android:versionName="1.0" >
6
7    <uses-sdk
8        android:minSdkVersion="21"
8-->src\main\AndroidManifest.xml
9        android:targetSdkVersion="30" />
9-->src\main\AndroidManifest.xml
10
11    <uses-permission android:name="android.permission.CAMERA" />
11-->src\main\AndroidManifest.xml:4:5-65
11-->src\main\AndroidManifest.xml:4:22-62
12    <uses-permission android:name="android.permission.WRITE_EXTERNAL_STORAGE" />
12-->src\main\AndroidManifest.xml:5:5-81
12-->src\main\AndroidManifest.xml:5:22-78
13
14    <application
14-->src\main\AndroidManifest.xml:6:5-29:19
15        android:allowBackup="true"
15-->src\main\AndroidManifest.xml:7:9-35
16        android:appComponentFactory="androidx.core.app.CoreComponentFactory"
16-->[androidx.core:core:1.5.0] AndroidManifest.xml:24:18-86
17        android:debuggable="true"
18        android:icon="@mipmap/ic_launcher"
18-->src\main\AndroidManifest.xml:8:9-43
19        android:label="@string/app_name"
19-->src\main\AndroidManifest.xml:9:9-41
20        android:roundIcon="@mipmap/ic_launcher_round"
20-->src\main\AndroidManifest.xml:10:9-54
21        android:supportsRtl="true"
21-->src\main\AndroidManifest.xml:11:9-35
22        android:testOnly="true"
23        android:theme="@style/Theme.Practise5" >
23-->src\main\AndroidManifest.xml:12:9-47
24        <activity android:name="ru.mirea.makarov.camera.MainActivity" >
24-->src\main\AndroidManifest.xml:13:9-19:20
24-->src\main\AndroidManifest.xml:13:19-47
25            <intent-filter>
25-->src\main\AndroidManifest.xml:14:13-18:29
26                <action android:name="android.intent.action.MAIN" />
26-->src\main\AndroidManifest.xml:15:17-69
26-->src\main\AndroidManifest.xml:15:25-66
27
28                <category android:name="android.intent.category.LAUNCHER" />
28-->src\main\AndroidManifest.xml:17:17-77
28-->src\main\AndroidManifest.xml:17:27-74
29            </intent-filter>
30        </activity>
31
32        <provider
32-->src\main\AndroidManifest.xml:20:9-28:20
33            android:name="androidx.core.content.FileProvider"
33-->src\main\AndroidManifest.xml:21:13-62
34            android:authorities="ru.mirea.makarov.camera.fileprovider"
34-->src\main\AndroidManifest.xml:22:13-71
35            android:exported="false"
35-->src\main\AndroidManifest.xml:23:13-37
36            android:grantUriPermissions="true" >
36-->src\main\AndroidManifest.xml:24:13-47
37            <meta-data
37-->src\main\AndroidManifest.xml:25:13-27:52
38                android:name="android.support.FILE_PROVIDER_PATHS"
38-->src\main\AndroidManifest.xml:26:17-67
39                android:resource="@xml/filepath" />
39-->src\main\AndroidManifest.xml:27:17-49
40        </provider>
41    </application>
42
43</manifest>